<?xml version="1.0" encoding="UTF-8"?>
<!-- Generated by org.testng.reporters.JUnitXMLReporter -->
<testsuite ignored="0" hostname="DESKTOP-6QJS72V" failures="1" tests="2" name="Test" time="6.559" errors="0" timestamp="2024-07-24T22:17:01 IST">
  <testcase classname="testcase.LoginpageTest" name="login" time="2.309">
    <failure type="java.lang.AssertionError" message="Title is printed expected [true] but found [false]">
      <![CDATA[java.lang.AssertionError: Title is printed expected [true] but found [false]
at testcase.LoginpageTest.login(LoginpageTest.java:41)
at java.base/java.util.concurrent.Executors$RunnableAdapter.call(Executors.java:572)
at java.base/java.util.concurrent.FutureTask.run(FutureTask.java:317)
at java.base/java.util.concurrent.ThreadPoolExecutor.runWorker(ThreadPoolExecutor.java:1144)
at java.base/java.util.concurrent.ThreadPoolExecutor$Worker.run(ThreadPoolExecutor.java:642)
at java.base/java.lang.Thread.run(Thread.java:1583)
... Removed 14 stack frames]]>
    </failure>
  </testcase> <!-- login -->
  <testcase classname="testcase.HomePageTest" name="ProductList" time="2.48"/>
</testsuite> <!-- Test -->
